# JRE version: Java(TM) SE Runtime Environment (8.0_161-b12) (build 1.8.0_161-b12)
# Java VM: Java HotSpot(TM) 64-Bit Server VM (25.161-b12 mixed mode windows-amd64 compressed oops)
Heap:
 PSYoungGen      total 237568K, used 21102K [0x00000000d6100000, 0x00000000e5e80000, 0x0000000100000000)
  eden space 216576K, 9% used [0x00000000d6100000,0x00000000d759bbc0,0x00000000e3480000)
  from space 20992K, 0% used [0x00000000e4a00000,0x00000000e4a00000,0x00000000e5e80000)
  to   space 21504K, 0% used [0x00000000e3480000,0x00000000e3480000,0x00000000e4980000)
 ParOldGen       total 139776K, used 29324K [0x0000000082200000, 0x000000008aa80000, 0x00000000d6100000)
  object space 139776K, 20% used [0x0000000082200000,0x0000000083ea33e0,0x000000008aa80000)
 Metaspace       used 75386K, capacity 78980K, committed 79192K, reserved 1118208K
  class space    used 9870K, capacity 10497K, committed 10624K, reserved 1048576K
GC Heap History (10 events):
Event: 72.010 GC heap before
{Heap before GC invocations=12 (full 2):
 PSYoungGen      total 164352K, used 150660K [0x00000000d6100000, 0x00000000e3980000, 0x0000000100000000)
  eden space 150016K, 90% used [0x00000000d6100000,0x00000000de627a78,0x00000000df380000)
  from space 14336K, 99% used [0x00000000df380000,0x00000000e01798a8,0x00000000e0180000)
  to   space 16896K, 0% used [0x00000000e2900000,0x00000000e2900000,0x00000000e3980000)
 ParOldGen       total 93696K, used 18124K [0x0000000082200000, 0x0000000087d80000, 0x00000000d6100000)
  object space 93696K, 19% used [0x0000000082200000,0x00000000833b3170,0x0000000087d80000)
 Metaspace       used 56723K, capacity 58884K, committed 59096K, reserved 1099776K
  class space    used 7744K, capacity 8171K, committed 8192K, reserved 1048576K
Event: 72.091 GC heap after
Heap after GC invocations=12 (full 2):
 PSYoungGen      total 201216K, used 16888K [0x00000000d6100000, 0x00000000e3e80000, 0x0000000100000000)
  eden space 184320K, 0% used [0x00000000d6100000,0x00000000d6100000,0x00000000e1500000)
  from space 16896K, 99% used [0x00000000e2900000,0x00000000e397e1f0,0x00000000e3980000)
  to   space 20480K, 0% used [0x00000000e1500000,0x00000000e1500000,0x00000000e2900000)
 ParOldGen       total 93696K, used 20769K [0x0000000082200000, 0x0000000087d80000, 0x00000000d6100000)
  object space 93696K, 22% used [0x0000000082200000,0x0000000083648748,0x0000000087d80000)
 Metaspace       used 56723K, capacity 58884K, committed 59096K, reserved 1099776K
  class space    used 7744K, capacity 8171K, committed 8192K, reserved 1048576K
}
Event: 72.091 GC heap before
{Heap before GC invocations=13 (full 3):
 PSYoungGen      total 201216K, used 16888K [0x00000000d6100000, 0x00000000e3e80000, 0x0000000100000000)
  eden space 184320K, 0% used [0x00000000d6100000,0x00000000d6100000,0x00000000e1500000)
  from space 16896K, 99% used [0x00000000e2900000,0x00000000e397e1f0,0x00000000e3980000)
  to   space 20480K, 0% used [0x00000000e1500000,0x00000000e1500000,0x00000000e2900000)
 ParOldGen       total 93696K, used 20769K [0x0000000082200000, 0x0000000087d80000, 0x00000000d6100000)
  object space 93696K, 22% used [0x0000000082200000,0x0000000083648748,0x0000000087d80000)
 Metaspace       used 56723K, capacity 58884K, committed 59096K, reserved 1099776K
  class space    used 7744K, capacity 8171K, committed 8192K, reserved 1048576K
Event: 73.008 GC heap after
Heap after GC invocations=13 (full 3):
 PSYoungGen      total 201216K, used 0K [0x00000000d6100000, 0x00000000e3e80000, 0x0000000100000000)
  eden space 184320K, 0% used [0x00000000d6100000,0x00000000d6100000,0x00000000e1500000)
  from space 16896K, 0% used [0x00000000e2900000,0x00000000e2900000,0x00000000e3980000)
  to   space 20480K, 0% used [0x00000000e1500000,0x00000000e1500000,0x00000000e2900000)
 ParOldGen       total 139776K, used 32828K [0x0000000082200000, 0x000000008aa80000, 0x00000000d6100000)
  object space 139776K, 23% used [0x0000000082200000,0x000000008420f2a8,0x000000008aa80000)
 Metaspace       used 56723K, capacity 58884K, committed 59096K, reserved 1099776K
  class space    used 7744K, capacity 8171K, committed 8192K, reserved 1048576K
}
Event: 147.351 GC heap before
{Heap before GC invocations=14 (full 3):
 PSYoungGen      total 201216K, used 184320K [0x00000000d6100000, 0x00000000e3e80000, 0x0000000100000000)
  eden space 184320K, 100% used [0x00000000d6100000,0x00000000e1500000,0x00000000e1500000)
  from space 16896K, 0% used [0x00000000e2900000,0x00000000e2900000,0x00000000e3980000)
  to   space 20480K, 0% used [0x00000000e1500000,0x00000000e1500000,0x00000000e2900000)
 ParOldGen       total 139776K, used 32828K [0x0000000082200000, 0x000000008aa80000, 0x00000000d6100000)
  object space 139776K, 23% used [0x0000000082200000,0x000000008420f2a8,0x000000008aa80000)
 Metaspace       used 72298K, capacity 75670K, committed 75992K, reserved 1116160K
  class space    used 9574K, capacity 10167K, committed 10240K, reserved 1048576K
Event: 147.566 GC heap after
Heap after GC invocations=14 (full 3):
 PSYoungGen      total 204800K, used 17592K [0x00000000d6100000, 0x00000000e5f80000, 0x0000000100000000)
  eden space 184320K, 0% used [0x00000000d6100000,0x00000000d6100000,0x00000000e1500000)
  from space 20480K, 85% used [0x00000000e1500000,0x00000000e262e0d0,0x00000000e2900000)
  to   space 22016K, 0% used [0x00000000e4a00000,0x00000000e4a00000,0x00000000e5f80000)
 ParOldGen       total 139776K, used 32836K [0x0000000082200000, 0x000000008aa80000, 0x00000000d6100000)
  object space 139776K, 23% used [0x0000000082200000,0x00000000842112a8,0x000000008aa80000)
 Metaspace       used 72298K, capacity 75670K, committed 75992K, reserved 1116160K
  class space    used 9574K, capacity 10167K, committed 10240K, reserved 1048576K
}
Event: 888.222 GC heap before
{Heap before GC invocations=15 (full 3):
 PSYoungGen      total 204800K, used 121642K [0x00000000d6100000, 0x00000000e5f80000, 0x0000000100000000)
  eden space 184320K, 56% used [0x00000000d6100000,0x00000000dc69c7d8,0x00000000e1500000)
  from space 20480K, 85% used [0x00000000e1500000,0x00000000e262e0d0,0x00000000e2900000)
  to   space 22016K, 0% used [0x00000000e4a00000,0x00000000e4a00000,0x00000000e5f80000)
 ParOldGen       total 139776K, used 32836K [0x0000000082200000, 0x000000008aa80000, 0x00000000d6100000)
  object space 139776K, 23% used [0x0000000082200000,0x00000000842112a8,0x000000008aa80000)
 Metaspace       used 75386K, capacity 78906K, committed 79064K, reserved 1118208K
  class space    used 9868K, capacity 10495K, committed 10496K, reserved 1048576K
Event: 888.287 GC heap after
Heap after GC invocations=15 (full 3):
 PSYoungGen      total 237568K, used 8957K [0x00000000d6100000, 0x00000000e5e80000, 0x0000000100000000)
  eden space 216576K, 0% used [0x00000000d6100000,0x00000000d6100000,0x00000000e3480000)
  from space 20992K, 42% used [0x00000000e4a00000,0x00000000e52bf598,0x00000000e5e80000)
  to   space 21504K, 0% used [0x00000000e3480000,0x00000000e3480000,0x00000000e4980000)
 ParOldGen       total 139776K, used 32844K [0x0000000082200000, 0x000000008aa80000, 0x00000000d6100000)
  object space 139776K, 23% used [0x0000000082200000,0x00000000842132a8,0x000000008aa80000)
 Metaspace       used 75386K, capacity 78906K, committed 79064K, reserved 1118208K
  class space    used 9868K, capacity 10495K, committed 10496K, reserved 1048576K
}
Event: 888.288 GC heap before
{Heap before GC invocations=16 (full 4):
 PSYoungGen      total 237568K, used 8957K [0x00000000d6100000, 0x00000000e5e80000, 0x0000000100000000)
  eden space 216576K, 0% used [0x00000000d6100000,0x00000000d6100000,0x00000000e3480000)
  from space 20992K, 42% used [0x00000000e4a00000,0x00000000e52bf598,0x00000000e5e80000)
  to   space 21504K, 0% used [0x00000000e3480000,0x00000000e3480000,0x00000000e4980000)
 ParOldGen       total 139776K, used 32844K [0x0000000082200000, 0x000000008aa80000, 0x00000000d6100000)
  object space 139776K, 23% used [0x0000000082200000,0x00000000842132a8,0x000000008aa80000)
 Metaspace       used 75386K, capacity 78906K, committed 79064K, reserved 1118208K
  class space    used 9868K, capacity 10495K, committed 10496K, reserved 1048576K
Event: 889.203 GC heap after
Heap after GC invocations=16 (full 4):
 PSYoungGen      total 237568K, used 0K [0x00000000d6100000, 0x00000000e5e80000, 0x0000000100000000)
  eden space 216576K, 0% used [0x00000000d6100000,0x00000000d6100000,0x00000000e3480000)
  from space 20992K, 0% used [0x00000000e4a00000,0x00000000e4a00000,0x00000000e5e80000)
  to   space 21504K, 0% used [0x00000000e3480000,0x00000000e3480000,0x00000000e4980000)
 ParOldGen       total 139776K, used 29324K [0x0000000082200000, 0x000000008aa80000, 0x00000000d6100000)
  object space 139776K, 20% used [0x0000000082200000,0x0000000083ea33e0,0x000000008aa80000)
 Metaspace       used 75345K, capacity 78852K, committed 79064K, reserved 1118208K
  class space    used 9864K, capacity 10486K, committed 10496K, reserved 1048576K
}

